[backblue.gif]
[fade.gif]
[index.html]
[npm/sweetalert2@11.7.12/dist/sweetalert2.min.css]
[js/webfont.js]
[img/favicon-32x32.png]
[js/web3/usernfts.js]
[img/galaxy.gif]
[img/front.gif]
[img/696.png]
[img/313.png]
[img/315.png]
[img/318.png]
[img/479.png]
[img/482.png]
[img/539.png]
[img/493.png]
[img/535.png]
[img/Bounties/bounty1.png]
[img/Bounties/bounty2.png]
[img/Bounties/bounty3.png]
[img/Bounties/bounty4.png]
[js/web3/web3.min.js]
[npm/evm-chains@0.2.0/dist/umd/index.min.js]
[js/web3/runscript.js]
[js/web3/constant.js]
[index-2.html]
[sREM8Yn.png]
[css/style.css]
[npm/sweetalert2@11.7.12/dist/sweetalert2.min.css]
[@sweetalert2/theme-dark/dark.html]
[61de8d91dc0a83d8f2343468/61e25fda1ee9e1c7790fbfb5_right-light.svg]
[61e31b51c783aea9586549b1_shine.html]
[61e31dea775d72ce72ec19d0_shine 75.html]
[61e320c64a7cd05645569c1c_shine 100.html]
[61e31d82d43b8bd72fbc57e4_shine 05.html]
[61de8d91dc0a83d8f2343468/61e420f8bf88d539f6763e19_61e41b1f2cfee637506fe870_right-dark.svg]
